<?xml version="1.0" encoding="UTF-8"?>
<!-- Generated by org.testng.reporters.JUnitReportReporter -->
<testsuite hostname="LAPTOP-M8MQ6N07" failures="0" tests="1" name="com.actitime.testscript.d" time="0.033" errors="0" timestamp="2024-03-13T11:54:08 IST" skipped="0">
  <testcase classname="com.actitime.testscript.d" name="main" time="0.033"/>
  <system-out/>
</testsuite> <!-- com.actitime.testscript.d -->
